[0.005s] Invoking command in '/root/minimal_error/build/my_package2': AMENT_PREFIX_PATH=/root/minimal_error/install/my_package1:${AMENT_PREFIX_PATH} CMAKE_PREFIX_PATH=/root/minimal_error/install/my_package1:/opt/ros/humble LD_LIBRARY_PATH=/root/minimal_error/install/my_package1/lib:${LD_LIBRARY_PATH} /usr/bin/cmake /root/minimal_error/src/my_package2 -DCMAKE_INSTALL_PREFIX=/root/minimal_error/install/my_package2
[0.036s] -- The C compiler identification is GNU 11.3.0
[0.069s] -- The CXX compiler identification is GNU 11.3.0
[0.073s] -- Detecting C compiler ABI info
[0.111s] -- Detecting C compiler ABI info - done
[0.116s] -- Check for working C compiler: /usr/bin/cc - skipped
[0.116s] -- Detecting C compile features
[0.117s] -- Detecting C compile features - done
[0.119s] -- Detecting CXX compiler ABI info
[0.166s] -- Detecting CXX compiler ABI info - done
[0.171s] -- Check for working CXX compiler: /usr/bin/c++ - skipped
[0.171s] -- Detecting CXX compile features
[0.171s] -- Detecting CXX compile features - done
[0.172s] -- Found ament_cmake: 1.3.3 (/opt/ros/humble/share/ament_cmake/cmake)
[0.280s] -- Found Python3: /usr/bin/python3.10 (found version "3.10.6") found components: Interpreter 
[0.337s] -- Found rclcpp: 16.0.4 (/opt/ros/humble/share/rclcpp/cmake)
[0.367s] -- Found rosidl_generator_c: 3.1.4 (/opt/ros/humble/share/rosidl_generator_c/cmake)
[0.370s] -- Found rosidl_adapter: 3.1.4 (/opt/ros/humble/share/rosidl_adapter/cmake)
[0.375s] -- Found rosidl_generator_cpp: 3.1.4 (/opt/ros/humble/share/rosidl_generator_cpp/cmake)
[0.384s] -- Using all available rosidl_typesupport_c: rosidl_typesupport_fastrtps_c;rosidl_typesupport_introspection_c
[0.397s] -- Using all available rosidl_typesupport_cpp: rosidl_typesupport_fastrtps_cpp;rosidl_typesupport_introspection_cpp
[0.442s] -- Found rmw_implementation_cmake: 6.1.1 (/opt/ros/humble/share/rmw_implementation_cmake/cmake)
[0.444s] -- Found rmw_fastrtps_cpp: 6.2.2 (/opt/ros/humble/share/rmw_fastrtps_cpp/cmake)
[0.498s] -- Found OpenSSL: /usr/lib/x86_64-linux-gnu/libcrypto.so (found version "3.0.2")  
[0.518s] -- Found FastRTPS: /opt/ros/humble/include  
[0.553s] -- Using RMW implementation 'rmw_fastrtps_cpp' as default
[0.559s] -- Looking for pthread.h
[0.598s] -- Looking for pthread.h - found
[0.598s] -- Performing Test CMAKE_HAVE_LIBC_PTHREAD
[0.638s] -- Performing Test CMAKE_HAVE_LIBC_PTHREAD - Success
[0.639s] -- Found Threads: TRUE  
[0.746s] -- Found my_package1: 0.0.0 (/root/minimal_error/install/my_package1/share/my_package1/cmake)
[0.747s] -- Found ament_lint_auto: 0.12.5 (/opt/ros/humble/share/ament_lint_auto/cmake)
[0.795s] -- Added test 'cppcheck' to perform static code analysis on C / C++ code
[0.795s] -- Configured cppcheck include dirs: 
[0.795s] -- Configured cppcheck exclude dirs and/or files: 
[0.795s] -- Added test 'lint_cmake' to check CMake code style
[0.796s] -- Added test 'uncrustify' to check C / C++ code style
[0.796s] -- Configured uncrustify additional arguments: 
[0.796s] -- Added test 'xmllint' to check XML markup files
[0.797s] -- Configuring done
[0.803s] -- Generating done
[0.804s] -- Build files have been written to: /root/minimal_error/build/my_package2
[0.810s] Invoked command in '/root/minimal_error/build/my_package2' returned '0': AMENT_PREFIX_PATH=/root/minimal_error/install/my_package1:${AMENT_PREFIX_PATH} CMAKE_PREFIX_PATH=/root/minimal_error/install/my_package1:/opt/ros/humble LD_LIBRARY_PATH=/root/minimal_error/install/my_package1/lib:${LD_LIBRARY_PATH} /usr/bin/cmake /root/minimal_error/src/my_package2 -DCMAKE_INSTALL_PREFIX=/root/minimal_error/install/my_package2
[0.811s] Invoking command in '/root/minimal_error/build/my_package2': AMENT_PREFIX_PATH=/root/minimal_error/install/my_package1:${AMENT_PREFIX_PATH} CMAKE_PREFIX_PATH=/root/minimal_error/install/my_package1:/opt/ros/humble LD_LIBRARY_PATH=/root/minimal_error/install/my_package1/lib:${LD_LIBRARY_PATH} /usr/bin/cmake --build /root/minimal_error/build/my_package2 -- -j16 -l16
[0.838s] [ 50%] [32mBuilding CXX object CMakeFiles/node_defdef.dir/src/node.cpp.o[0m
[0.944s] [01m[K/root/minimal_error/src/my_package2/src/node.cpp:11:10:[m[K [01;31m[Kfatal error: [m[Kinclude/my_func.hpp: No such file or directory
[0.944s]    11 | #include [01;31m[K"include/my_func.hpp"[m[K
[0.944s]       |          [01;31m[K^~~~~~~~~~~~~~~~~~~~~[m[K
[0.944s] compilation terminated.
[0.946s] gmake[2]: *** [CMakeFiles/node_defdef.dir/build.make:76: CMakeFiles/node_defdef.dir/src/node.cpp.o] Error 1
[0.946s] gmake[1]: *** [CMakeFiles/Makefile2:137: CMakeFiles/node_defdef.dir/all] Error 2
[0.946s] gmake: *** [Makefile:146: all] Error 2
[0.948s] Invoked command in '/root/minimal_error/build/my_package2' returned '2': AMENT_PREFIX_PATH=/root/minimal_error/install/my_package1:${AMENT_PREFIX_PATH} CMAKE_PREFIX_PATH=/root/minimal_error/install/my_package1:/opt/ros/humble LD_LIBRARY_PATH=/root/minimal_error/install/my_package1/lib:${LD_LIBRARY_PATH} /usr/bin/cmake --build /root/minimal_error/build/my_package2 -- -j16 -l16
